<?xml version="1.0" encoding="UTF-8"?>
<testng-results ignored="0" total="3" passed="2" failed="1" skipped="0">
  <reporter-output>
  </reporter-output>
  <suite started-at="2022-01-11T11:54:16 IST" name="Suite" finished-at="2022-01-11T11:54:36 IST" duration-ms="20263">
    <groups>
    </groups>
    <test started-at="2022-01-11T11:54:16 IST" name="Test" finished-at="2022-01-11T11:54:36 IST" duration-ms="20263">
      <class name="Test.PracticeProject.HomePage">
        <test-method is-config="true" signature="initialize()[pri:0, instance:Test.PracticeProject.HomePage@3af4e0bf]" started-at="2022-01-11T11:54:16 IST" name="initialize" finished-at="2022-01-11T11:54:20 IST" duration-ms="3851" status="PASS">
          <reporter-output>
          </reporter-output>
        </test-method> <!-- initialize -->
        <test-method signature="basePageNavigation(java.lang.String,java.lang.String)[pri:0, instance:Test.PracticeProject.HomePage@3af4e0bf]" started-at="2022-01-11T11:54:28 IST" name="basePageNavigation" data-provider="getData" finished-at="2022-01-11T11:54:33 IST" duration-ms="5237" status="PASS">
          <params>
            <param index="0">
              <value>
                <![CDATA[user1]]>
              </value>
            </param>
            <param index="1">
              <value>
                <![CDATA[pass1]]>
              </value>
            </param>
          </params>
          <reporter-output>
          </reporter-output>
        </test-method> <!-- basePageNavigation -->
        <test-method signature="basePageNavigation(java.lang.String,java.lang.String)[pri:0, instance:Test.PracticeProject.HomePage@3af4e0bf]" started-at="2022-01-11T11:54:33 IST" name="basePageNavigation" data-provider="getData" finished-at="2022-01-11T11:54:36 IST" duration-ms="2491" status="PASS">
          <params>
            <param index="0">
              <value>
                <![CDATA[user2]]>
              </value>
            </param>
            <param index="1">
              <value>
                <![CDATA[pass2]]>
              </value>
            </param>
          </params>
          <reporter-output>
          </reporter-output>
        </test-method> <!-- basePageNavigation -->
        <test-method is-config="true" signature="closeDriver()[pri:0, instance:Test.PracticeProject.HomePage@3af4e0bf]" started-at="2022-01-11T11:54:36 IST" name="closeDriver" finished-at="2022-01-11T11:54:36 IST" duration-ms="310" status="PASS">
          <reporter-output>
          </reporter-output>
        </test-method> <!-- closeDriver -->
      </class> <!-- Test.PracticeProject.HomePage -->
      <class name="Test.PracticeProject.UsingAssertion">
        <test-method is-config="true" signature="initialize()[pri:0, instance:Test.PracticeProject.UsingAssertion@60129b9a]" started-at="2022-01-11T11:54:20 IST" name="initialize" finished-at="2022-01-11T11:54:27 IST" duration-ms="7173" status="PASS">
          <reporter-output>
          </reporter-output>
        </test-method> <!-- initialize -->
        <test-method signature="validation()[pri:0, instance:Test.PracticeProject.UsingAssertion@60129b9a]" started-at="2022-01-11T11:54:27 IST" name="validation" finished-at="2022-01-11T11:54:27 IST" duration-ms="119" status="FAIL">
          <exception class="java.lang.AssertionError">
            <message>
              <![CDATA[The following asserts failed:
expected [FEATURED COURSE] but found [FEATURED COURSES]]]>
            </message>
            <full-stacktrace>
              <![CDATA[java.lang.AssertionError: The following asserts failed:
expected [FEATURED COURSE] but found [FEATURED COURSES]
at org.testng.asserts.SoftAssert.assertAll(SoftAssert.java:47)
at org.testng.asserts.SoftAssert.assertAll(SoftAssert.java:31)
at Test.PracticeProject.UsingAssertion.validation(UsingAssertion.java:39)
at java.base/jdk.internal.reflect.NativeMethodAccessorImpl.invoke0(Native Method)
at java.base/jdk.internal.reflect.NativeMethodAccessorImpl.invoke(NativeMethodAccessorImpl.java:78)
at java.base/jdk.internal.reflect.DelegatingMethodAccessorImpl.invoke(DelegatingMethodAccessorImpl.java:43)
at java.base/java.lang.reflect.Method.invoke(Method.java:567)
at org.testng.internal.MethodInvocationHelper.invokeMethod(MethodInvocationHelper.java:133)
at org.testng.internal.TestInvoker.invokeMethod(TestInvoker.java:598)
at org.testng.internal.TestInvoker.invokeTestMethod(TestInvoker.java:173)
at org.testng.internal.MethodRunner.runInSequence(MethodRunner.java:46)
at org.testng.internal.TestInvoker$MethodInvocationAgent.invoke(TestInvoker.java:824)
at org.testng.internal.TestInvoker.invokeTestMethods(TestInvoker.java:146)
at org.testng.internal.TestMethodWorker.invokeTestMethods(TestMethodWorker.java:146)
at org.testng.internal.TestMethodWorker.run(TestMethodWorker.java:128)
at java.base/java.util.ArrayList.forEach(ArrayList.java:1511)
at org.testng.TestRunner.privateRun(TestRunner.java:794)
at org.testng.TestRunner.run(TestRunner.java:596)
at org.testng.SuiteRunner.runTest(SuiteRunner.java:377)
at org.testng.SuiteRunner.access$000(SuiteRunner.java:28)
at org.testng.SuiteRunner$SuiteWorker.run(SuiteRunner.java:418)
at org.testng.internal.thread.ThreadUtil.lambda$execute$0(ThreadUtil.java:64)
at java.base/java.util.concurrent.FutureTask.run(FutureTask.java:264)
at java.base/java.util.concurrent.ThreadPoolExecutor.runWorker(ThreadPoolExecutor.java:1130)
at java.base/java.util.concurrent.ThreadPoolExecutor$Worker.run(ThreadPoolExecutor.java:630)
at java.base/java.lang.Thread.run(Thread.java:831)
]]>
            </full-stacktrace>
          </exception> <!-- java.lang.AssertionError -->
          <reporter-output>
          </reporter-output>
        </test-method> <!-- validation -->
        <test-method is-config="true" signature="closeDriver()[pri:0, instance:Test.PracticeProject.UsingAssertion@60129b9a]" started-at="2022-01-11T11:54:36 IST" name="closeDriver" finished-at="2022-01-11T11:54:36 IST" duration-ms="440" status="PASS">
          <reporter-output>
          </reporter-output>
        </test-method> <!-- closeDriver -->
      </class> <!-- Test.PracticeProject.UsingAssertion -->
    </test> <!-- Test -->
  </suite> <!-- Suite -->
</testng-results>
